This is pdfTeX, Version 3.141592653-2.6-1.40.29 (TeX Live 2026) (preloaded format=pdflatex 2026.3.26)  3 MAY 2026 15:23
entering extended mode
 restricted \write18 enabled.
 %&-line parsing enabled.
**report.tex
(./report.tex
LaTeX2e <2025-11-01>
L3 programming layer <2026-01-19>
(/usr/local/texlive/2026/texmf-dist/tex/latex/base/article.cls
Document Class: article 2025/01/22 v1.4n Standard LaTeX document class
(/usr/local/texlive/2026/texmf-dist/tex/latex/base/size11.clo
File: size11.clo 2025/01/22 v1.4n Standard LaTeX file (size option)
)
\c@part=\count275
\c@section=\count276
\c@subsection=\count277
\c@subsubsection=\count278
\c@paragraph=\count279
\c@subparagraph=\count280
\c@figure=\count281
\c@table=\count282
\abovecaptionskip=\skip49
\belowcaptionskip=\skip50
\bibindent=\dimen148
)
(/usr/local/texlive/2026/texmf-dist/tex/generic/babel/babel.sty
Package: babel 2026/03/08 v26.4 The multilingual framework for LuaLaTeX, pdfLaT
eX and XeLaTeX
\babel@savecnt=\count283
LaTeX Encoding Info:    Redeclaring text command \ij (encoding OT1) on input li
ne 2078.
LaTeX Encoding Info:    Redeclaring text command \IJ (encoding OT1) on input li
ne 2080.
LaTeX Encoding Info:    Redeclaring text command \ij (encoding T1) on input lin
e 2082.
LaTeX Encoding Info:    Redeclaring text command \IJ (encoding T1) on input lin
e 2083.
LaTeX Encoding Info:    Ignoring declaration for text command \ij (encoding ?) 
on input line 2084.
LaTeX Encoding Info:    Ignoring declaration for text command \IJ (encoding ?) 
on input line 2086.
LaTeX Encoding Info:    Ignoring declaration for text command \SS (encoding ?) 
on input line 2111.
\U@D=\dimen149
\l@unhyphenated=\language91

(/usr/local/texlive/2026/texmf-dist/tex/generic/babel/txtbabel.def)
\bbl@readstream=\read2
\bbl@dirlevel=\count284

(/usr/local/texlive/2026/texmf-dist/tex/generic/babel/locale/en/babel-english.t
ex)
Package babel Info: Importing font and identification data for english
(babel)             from babel-en.ini. Reported on input line 4330.
 (/usr/local/texlive/2026/texmf-dist/tex/generic/babel-english/english.ldf
Language: english 2017/06/06 v3.3r English support from the babel system
Package babel Info: Hyphen rules for 'canadian' set to \l@english
(babel)             (\language0). Reported on input line 102.
Package babel Info: Hyphen rules for 'australian' set to \l@ukenglish
(babel)             (\language22). Reported on input line 105.
Package babel Info: Hyphen rules for 'newzealand' set to \l@ukenglish
(babel)             (\language22). Reported on input line 108.
)) (/usr/local/texlive/2026/texmf-dist/tex/latex/caption/caption.sty
Package: caption 2023/08/05 v3.6o Customizing captions (AR)

(/usr/local/texlive/2026/texmf-dist/tex/latex/caption/caption3.sty
Package: caption3 2023/07/31 v2.4d caption3 kernel (AR)

(/usr/local/texlive/2026/texmf-dist/tex/latex/graphics/keyval.sty
Package: keyval 2022/05/29 v1.15 key=value parser (DPC)
\KV@toks@=\toks17
)
\caption@tempdima=\dimen150
\captionmargin=\dimen151
\caption@leftmargin=\dimen152
\caption@rightmargin=\dimen153
\caption@width=\dimen154
\caption@indent=\dimen155
\caption@parindent=\dimen156
\caption@hangindent=\dimen157
Package caption Info: Standard document class detected.
)
\c@caption@flags=\count285
\c@continuedfloat=\count286
)
(/usr/local/texlive/2026/texmf-dist/tex/latex/caption/subcaption.sty
Package: subcaption 2023/07/28 v1.6b Sub-captions (AR)
Package caption Info: New subtype `subfigure' on input line 238.
\c@subfigure=\count287
Package caption Info: New subtype `subtable' on input line 238.
\c@subtable=\count288
)
(/usr/local/texlive/2026/texmf-dist/tex/latex/geometry/geometry.sty
Package: geometry 2026/03/07 v6.0 Page Geometry

(/usr/local/texlive/2026/texmf-dist/tex/generic/iftex/ifvtex.sty
Package: ifvtex 2019/10/25 v1.7 ifvtex legacy package. Use iftex instead.

(/usr/local/texlive/2026/texmf-dist/tex/generic/iftex/iftex.sty
Package: iftex 2024/12/12 v1.0g TeX engine tests
))
\Gm@cnth=\count289
\Gm@cntv=\count290
\c@Gm@tempcnt=\count291
\Gm@bindingoffset=\dimen158
\Gm@wd@mp=\dimen159
\Gm@odd@mp=\dimen160
\Gm@even@mp=\dimen161
\Gm@layoutwidth=\dimen162
\Gm@layoutheight=\dimen163
\Gm@layouthoffset=\dimen164
\Gm@layoutvoffset=\dimen165
\Gm@dimlist=\toks18
)
(/usr/local/texlive/2026/texmf-dist/tex/latex/amsmath/amsmath.sty
Package: amsmath 2025/07/09 v2.17z AMS math features
\@mathmargin=\skip51

For additional information on amsmath, use the `?' option.
(/usr/local/texlive/2026/texmf-dist/tex/latex/amsmath/amstext.sty
Package: amstext 2024/11/17 v2.01 AMS text

(/usr/local/texlive/2026/texmf-dist/tex/latex/amsmath/amsgen.sty
File: amsgen.sty 1999/11/30 v2.0 generic functions
\@emptytoks=\toks19
\ex@=\dimen166
))
(/usr/local/texlive/2026/texmf-dist/tex/latex/amsmath/amsbsy.sty
Package: amsbsy 1999/11/29 v1.2d Bold Symbols
\pmbraise@=\dimen167
)
(/usr/local/texlive/2026/texmf-dist/tex/latex/amsmath/amsopn.sty
Package: amsopn 2022/04/08 v2.04 operator names
)
\inf@bad=\count292
LaTeX Info: Redefining \frac on input line 233.
\uproot@=\count293
\leftroot@=\count294
LaTeX Info: Redefining \overline on input line 398.
LaTeX Info: Redefining \colon on input line 409.
\classnum@=\count295
\DOTSCASE@=\count296
LaTeX Info: Redefining \ldots on input line 495.
LaTeX Info: Redefining \dots on input line 498.
LaTeX Info: Redefining \cdots on input line 619.
\Mathstrutbox@=\box53
\strutbox@=\box54
LaTeX Info: Redefining \big on input line 721.
LaTeX Info: Redefining \Big on input line 722.
LaTeX Info: Redefining \bigg on input line 723.
LaTeX Info: Redefining \Bigg on input line 724.
\big@size=\dimen168
LaTeX Font Info:    Redeclaring font encoding OML on input line 742.
LaTeX Font Info:    Redeclaring font encoding OMS on input line 743.
\macc@depth=\count297
LaTeX Info: Redefining \bmod on input line 904.
LaTeX Info: Redefining \pmod on input line 909.
LaTeX Info: Redefining \smash on input line 939.
LaTeX Info: Redefining \relbar on input line 969.
LaTeX Info: Redefining \Relbar on input line 970.
\c@MaxMatrixCols=\count298
\dotsspace@=\muskip17
\c@parentequation=\count299
\dspbrk@lvl=\count300
\tag@help=\toks20
\row@=\count301
\column@=\count302
\maxfields@=\count303
\andhelp@=\toks21
\eqnshift@=\dimen169
\alignsep@=\dimen170
\tagshift@=\dimen171
\tagwidth@=\dimen172
\totwidth@=\dimen173
\lineht@=\dimen174
\@envbody=\toks22
\multlinegap=\skip52
\multlinetaggap=\skip53
\mathdisplay@stack=\toks23
LaTeX Info: Redefining \[ on input line 2950.
LaTeX Info: Redefining \] on input line 2951.
)
(/usr/local/texlive/2026/texmf-dist/tex/latex/amsfonts/amssymb.sty
Package: amssymb 2013/01/14 v3.01 AMS font symbols

(/usr/local/texlive/2026/texmf-dist/tex/latex/amsfonts/amsfonts.sty
Package: amsfonts 2013/01/14 v3.01 Basic AMSFonts support
\symAMSa=\mathgroup4
\symAMSb=\mathgroup5
LaTeX Font Info:    Redeclaring math symbol \hbar on input line 98.
LaTeX Font Info:    Overwriting math alphabet `\mathfrak' in version `bold'
(Font)                  U/euf/m/n --> U/euf/b/n on input line 106.
))
(/usr/local/texlive/2026/texmf-dist/tex/latex/graphics/graphicx.sty
Package: graphicx 2024/12/31 v1.2e Enhanced LaTeX Graphics (DPC,SPQR)

(/usr/local/texlive/2026/texmf-dist/tex/latex/graphics/graphics.sty
Package: graphics 2024/08/06 v1.4g Standard LaTeX Graphics (DPC,SPQR)

(/usr/local/texlive/2026/texmf-dist/tex/latex/graphics/trig.sty
Package: trig 2023/12/02 v1.11 sin cos tan (DPC)
)
(/usr/local/texlive/2026/texmf-dist/tex/latex/graphics-cfg/graphics.cfg
File: graphics.cfg 2016/06/04 v1.11 sample graphics configuration
)
Package graphics Info: Driver file: pdftex.def on input line 106.

(/usr/local/texlive/2026/texmf-dist/tex/latex/graphics-def/pdftex.def
File: pdftex.def 2025/09/29 v1.2d Graphics/color driver for pdftex
))
\Gin@req@height=\dimen175
\Gin@req@width=\dimen176
)
(/usr/local/texlive/2026/texmf-dist/tex/latex/hyperref/hyperref.sty
Package: hyperref 2026-01-29 v7.01p Hypertext links for LaTeX

(/usr/local/texlive/2026/texmf-dist/tex/latex/kvsetkeys/kvsetkeys.sty
Package: kvsetkeys 2022-10-05 v1.19 Key value parser (HO)
)
(/usr/local/texlive/2026/texmf-dist/tex/generic/kvdefinekeys/kvdefinekeys.sty
Package: kvdefinekeys 2019-12-19 v1.6 Define keys (HO)
)
(/usr/local/texlive/2026/texmf-dist/tex/generic/pdfescape/pdfescape.sty
Package: pdfescape 2019/12/09 v1.15 Implements pdfTeX's escape features (HO)

(/usr/local/texlive/2026/texmf-dist/tex/generic/ltxcmds/ltxcmds.sty
Package: ltxcmds 2023-12-04 v1.26 LaTeX kernel commands for general use (HO)
)
(/usr/local/texlive/2026/texmf-dist/tex/generic/pdftexcmds/pdftexcmds.sty
Package: pdftexcmds 2020-06-27 v0.33 Utility functions of pdfTeX for LuaTeX (HO
)

(/usr/local/texlive/2026/texmf-dist/tex/generic/infwarerr/infwarerr.sty
Package: infwarerr 2019/12/03 v1.5 Providing info/warning/error messages (HO)
)
Package pdftexcmds Info: \pdf@primitive is available.
Package pdftexcmds Info: \pdf@ifprimitive is available.
Package pdftexcmds Info: \pdfdraftmode found.
))
(/usr/local/texlive/2026/texmf-dist/tex/latex/hycolor/hycolor.sty
Package: hycolor 2020-01-27 v1.10 Color options for hyperref/bookmark (HO)
)
(/usr/local/texlive/2026/texmf-dist/tex/latex/hyperref/nameref.sty
Package: nameref 2026-01-29 v2.58 Cross-referencing by name of section

(/usr/local/texlive/2026/texmf-dist/tex/latex/refcount/refcount.sty
Package: refcount 2019/12/15 v3.6 Data extraction from label references (HO)
)
(/usr/local/texlive/2026/texmf-dist/tex/generic/gettitlestring/gettitlestring.s
ty
Package: gettitlestring 2019/12/15 v1.6 Cleanup title references (HO)
 (/usr/local/texlive/2026/texmf-dist/tex/latex/kvoptions/kvoptions.sty
Package: kvoptions 2022-06-15 v3.15 Key value format for package options (HO)
))
\c@section@level=\count304
)
(/usr/local/texlive/2026/texmf-dist/tex/latex/etoolbox/etoolbox.sty
Package: etoolbox 2025/10/02 v2.5m e-TeX tools for LaTeX (JAW)
\etb@tempcnta=\count305
)
(/usr/local/texlive/2026/texmf-dist/tex/generic/stringenc/stringenc.sty
Package: stringenc 2019/11/29 v1.12 Convert strings between diff. encodings (HO
)
)
\@linkdim=\dimen177
\Hy@linkcounter=\count306
\Hy@pagecounter=\count307

(/usr/local/texlive/2026/texmf-dist/tex/latex/hyperref/pd1enc.def
File: pd1enc.def 2026-01-29 v7.01p Hyperref: PDFDocEncoding definition (HO)
Now handling font encoding PD1 ...
... no UTF-8 mapping file for font encoding PD1
)
(/usr/local/texlive/2026/texmf-dist/tex/generic/intcalc/intcalc.sty
Package: intcalc 2019/12/15 v1.3 Expandable calculations with integers (HO)
)
\Hy@SavedSpaceFactor=\count308

(/usr/local/texlive/2026/texmf-dist/tex/latex/hyperref/puenc.def
File: puenc.def 2026-01-29 v7.01p Hyperref: PDF Unicode definition (HO)
Now handling font encoding PU ...
... no UTF-8 mapping file for font encoding PU
)
Package hyperref Info: Option `colorlinks' set `true' on input line 4072.
Package hyperref Info: Option `bookmarksnumbered' set `true' on input line 4072
.
Package hyperref Info: Option `bookmarksopen' set `true' on input line 4072.
Package hyperref Info: Hyper figures OFF on input line 4201.
Package hyperref Info: Link nesting OFF on input line 4206.
Package hyperref Info: Hyper index ON on input line 4209.
Package hyperref Info: Plain pages OFF on input line 4216.
Package hyperref Info: Backreferencing OFF on input line 4221.
Package hyperref Info: Implicit mode ON; LaTeX internals redefined.
Package hyperref Info: Bookmarks ON on input line 4468.
\c@Hy@tempcnt=\count309

(/usr/local/texlive/2026/texmf-dist/tex/latex/url/url.sty
\Urlmuskip=\muskip18
Package: url 2013/09/16  ver 3.4  Verb mode for urls, etc.
)
LaTeX Info: Redefining \url on input line 4807.
\XeTeXLinkMargin=\dimen178

(/usr/local/texlive/2026/texmf-dist/tex/generic/bitset/bitset.sty
Package: bitset 2019/12/09 v1.3 Handle bit-vector datatype (HO)

(/usr/local/texlive/2026/texmf-dist/tex/generic/bigintcalc/bigintcalc.sty
Package: bigintcalc 2019/12/15 v1.5 Expandable calculations on big integers (HO
)
))
\Fld@menulength=\count310
\Field@Width=\dimen179
\Fld@charsize=\dimen180
Package hyperref Info: Hyper figures OFF on input line 6084.
Package hyperref Info: Link nesting OFF on input line 6089.
Package hyperref Info: Hyper index ON on input line 6092.
Package hyperref Info: backreferencing OFF on input line 6099.
Package hyperref Info: Link coloring ON on input line 6102.
Package hyperref Info: Link coloring with OCG OFF on input line 6109.
Package hyperref Info: PDF/A mode OFF on input line 6114.
\Hy@abspage=\count311
\c@Item=\count312
\c@Hfootnote=\count313
)
Package hyperref Info: Driver (autodetected): hpdftex.

(/usr/local/texlive/2026/texmf-dist/tex/latex/hyperref/hpdftex.def
File: hpdftex.def 2026-01-29 v7.01p Hyperref driver for pdfTeX
\Fld@listcount=\count314
\c@bookmark@seq@number=\count315

(/usr/local/texlive/2026/texmf-dist/tex/latex/rerunfilecheck/rerunfilecheck.sty
Package: rerunfilecheck 2025-06-21 v1.11 Rerun checks for auxiliary files (HO)

(/usr/local/texlive/2026/texmf-dist/tex/generic/uniquecounter/uniquecounter.sty
Package: uniquecounter 2019/12/15 v1.4 Provide unlimited unique counter (HO)
)
Package uniquecounter Info: New unique counter `rerunfilecheck' on input line 2
84.
)
\Hy@SectionHShift=\skip54
) (/usr/local/texlive/2026/texmf-dist/tex/latex/listings/listings.sty
\lst@mode=\count316
\lst@gtempboxa=\box55
\lst@token=\toks24
\lst@length=\count317
\lst@currlwidth=\dimen181
\lst@column=\count318
\lst@pos=\count319
\lst@lostspace=\dimen182
\lst@width=\dimen183
\lst@newlines=\count320
\lst@lineno=\count321
\lst@maxwidth=\dimen184

(/usr/local/texlive/2026/texmf-dist/tex/latex/listings/lstpatch.sty
File: lstpatch.sty 2025/11/14 1.11b (Carsten Heinz)
)
(/usr/local/texlive/2026/texmf-dist/tex/latex/listings/lstmisc.sty
File: lstmisc.sty 2025/11/14 1.11b (Carsten Heinz)
\c@lstnumber=\count322
\lst@skipnumbers=\count323
\lst@framebox=\box56
)
(/usr/local/texlive/2026/texmf-dist/tex/latex/listings/listings.cfg
File: listings.cfg 2025/11/14 1.11b listings configuration
))
Package: listings 2025/11/14 1.11b (Carsten Heinz)

==> First Aid for listings.sty no longer applied!
    Expected:
        2024/09/23 1.10c (Carsten Heinz)
    but found:
        2025/11/14 1.11b (Carsten Heinz)
    so I'm assuming it got fixed.
(/usr/local/texlive/2026/texmf-dist/tex/latex/preprint/authblk.sty
Package: authblk 2001/02/27 1.3 (PWD)
\affilsep=\skip55
\@affilsep=\skip56
\c@Maxaffil=\count324
\c@authors=\count325
\c@affil=\count326
)
(/usr/local/texlive/2026/texmf-dist/tex/latex/comment/comment.sty
\CommentStream=\write3

Excluding comment 'comment')
(/usr/local/texlive/2026/texmf-dist/tex/latex/enumitem/enumitem.sty
Package: enumitem 2025/02/06 v3.11 Customized lists
\labelindent=\skip57
\enit@outerparindent=\dimen185
\enit@toks=\toks25
\enit@inbox=\box57
\enit@count@id=\count327
\enitdp@description=\count328
)
(/usr/local/texlive/2026/texmf-dist/tex/latex/lineno/lineno.sty
Package: lineno 2026/03/08 line numbers on paragraphs v5.9
\linenopenalty=\count329
\output=\toks26
\linenoprevgraf=\count330
\linenumbersep=\dimen186
\linenumberwidth=\dimen187
\c@linenumber=\count331
\c@pagewiselinenumber=\count332
\c@LN@truepage=\count333
\c@internallinenumber=\count334
\c@internallinenumbers=\count335
\quotelinenumbersep=\dimen188
\bframerule=\dimen189
\bframesep=\dimen190
\bframebox=\box58
\@LN@amsmath@ams@eqpen=\count336
)
(/usr/local/texlive/2026/texmf-dist/tex/latex/biblatex/biblatex.sty
Package: biblatex 2025/07/10 v3.21 programmable bibliographies (PK/MW)

(/usr/local/texlive/2026/texmf-dist/tex/latex/logreq/logreq.sty
Package: logreq 2010/08/04 v1.0 xml request logger
\lrq@indent=\count337

(/usr/local/texlive/2026/texmf-dist/tex/latex/logreq/logreq.def
File: logreq.def 2010/08/04 v1.0 logreq spec v1.0
))
(/usr/local/texlive/2026/texmf-dist/tex/latex/base/ifthen.sty
Package: ifthen 2024/03/16 v1.1e Standard LaTeX ifthen package (DPC)
)
\c@tabx@nest=\count338
\c@listtotal=\count339
\c@listcount=\count340
\c@liststart=\count341
\c@liststop=\count342
\c@citecount=\count343
\c@citetotal=\count344
\c@multicitecount=\count345
\c@multicitetotal=\count346
\c@instcount=\count347
\c@maxnames=\count348
\c@minnames=\count349
\c@maxitems=\count350
\c@minitems=\count351
\c@citecounter=\count352
\c@maxcitecounter=\count353
\c@savedcitecounter=\count354
\c@uniquelist=\count355
\c@uniquename=\count356
\c@refsection=\count357
\c@refsegment=\count358
\c@maxextratitle=\count359
\c@maxextratitleyear=\count360
\c@maxextraname=\count361
\c@maxextradate=\count362
\c@maxextraalpha=\count363
\c@abbrvpenalty=\count364
\c@highnamepenalty=\count365
\c@lownamepenalty=\count366
\c@maxparens=\count367
\c@parenlevel=\count368
\blx@tempcnta=\count369
\blx@tempcntb=\count370
\blx@tempcntc=\count371
\c@blx@maxsection=\count372
\blx@maxsegment@0=\count373
\blx@notetype=\count374
\blx@parenlevel@text=\count375
\blx@parenlevel@foot=\count376
\blx@sectionciteorder@0=\count377
\blx@sectionciteorderinternal@0=\count378
\blx@entrysetcounter=\count379
\blx@biblioinstance=\count380
\labelnumberwidth=\skip58
\labelalphawidth=\skip59
\biblabelsep=\skip60
\bibitemsep=\skip61
\bibnamesep=\skip62
\bibinitsep=\skip63
\bibparsep=\skip64
\bibhang=\skip65
\blx@bcfin=\read3
\blx@bcfout=\write4
\blx@langwohyphens=\language92
\c@mincomprange=\count381
\c@maxcomprange=\count382
\c@mincompwidth=\count383
Package biblatex Info: Trying to load biblatex default data model...
Package biblatex Info: ... file 'blx-dm.def' found.

(/usr/local/texlive/2026/texmf-dist/tex/latex/biblatex/blx-dm.def
File: blx-dm.def 2025/07/10 v3.21 biblatex datamodel (PK/MW)
)
Package biblatex Info: Trying to load biblatex style data model...
Package biblatex Info: ... file 'numeric.dbx' not found.
Package biblatex Info: Trying to load biblatex custom data model...
Package biblatex Info: ... file 'biblatex-dm.cfg' not found.
\c@afterword=\count384
\c@savedafterword=\count385
\c@annotator=\count386
\c@savedannotator=\count387
\c@author=\count388
\c@savedauthor=\count389
\c@bookauthor=\count390
\c@savedbookauthor=\count391
\c@commentator=\count392
\c@savedcommentator=\count393
\c@editor=\count394
\c@savededitor=\count395
\c@editora=\count396
\c@savededitora=\count397
\c@editorb=\count398
\c@savededitorb=\count399
\c@editorc=\count400
\c@savededitorc=\count401
\c@foreword=\count402
\c@savedforeword=\count403
\c@holder=\count404
\c@savedholder=\count405
\c@introduction=\count406
\c@savedintroduction=\count407
\c@namea=\count408
\c@savednamea=\count409
\c@nameb=\count410
\c@savednameb=\count411
\c@namec=\count412
\c@savednamec=\count413
\c@translator=\count414
\c@savedtranslator=\count415
\c@shortauthor=\count416
\c@savedshortauthor=\count417
\c@shorteditor=\count418
\c@savedshorteditor=\count419
\c@labelname=\count420
\c@savedlabelname=\count421
\c@institution=\count422
\c@savedinstitution=\count423
\c@lista=\count424
\c@savedlista=\count425
\c@listb=\count426
\c@savedlistb=\count427
\c@listc=\count428
\c@savedlistc=\count429
\c@listd=\count430
\c@savedlistd=\count431
\c@liste=\count432
\c@savedliste=\count433
\c@listf=\count434
\c@savedlistf=\count435
\c@location=\count436
\c@savedlocation=\count437
\c@organization=\count438
\c@savedorganization=\count439
\c@origlocation=\count440
\c@savedoriglocation=\count441
\c@origpublisher=\count442
\c@savedorigpublisher=\count443
\c@publisher=\count444
\c@savedpublisher=\count445
\c@language=\count446
\c@savedlanguage=\count447
\c@origlanguage=\count448
\c@savedoriglanguage=\count449
\c@pageref=\count450
\c@savedpageref=\count451
\shorthandwidth=\skip66
\shortjournalwidth=\skip67
\shortserieswidth=\skip68
\shorttitlewidth=\skip69
\shortauthorwidth=\skip70
\shorteditorwidth=\skip71
\locallabelnumberwidth=\skip72
\locallabelalphawidth=\skip73
\localshorthandwidth=\skip74
\localshortjournalwidth=\skip75
\localshortserieswidth=\skip76
\localshorttitlewidth=\skip77
\localshortauthorwidth=\skip78
\localshorteditorwidth=\skip79
Package biblatex Info: Trying to load compatibility code...
Package biblatex Info: ... file 'blx-compat.def' found.

(/usr/local/texlive/2026/texmf-dist/tex/latex/biblatex/blx-compat.def
File: blx-compat.def 2025/07/10 v3.21 biblatex compatibility (PK/MW)
)
Package biblatex Info: Trying to load generic definitions...
Package biblatex Info: ... file 'biblatex.def' found.

(/usr/local/texlive/2026/texmf-dist/tex/latex/biblatex/biblatex.def
File: biblatex.def 2025/07/10 v3.21 biblatex compatibility (PK/MW)
\c@textcitecount=\count452
\c@textcitetotal=\count453
\c@textcitemaxnames=\count454
\c@biburlbigbreakpenalty=\count455
\c@biburlbreakpenalty=\count456
\c@biburlnumpenalty=\count457
\c@biburlucpenalty=\count458
\c@biburllcpenalty=\count459
\biburlbigskip=\muskip19
\biburlnumskip=\muskip20
\biburlucskip=\muskip21
\biburllcskip=\muskip22
\c@smartand=\count460
)
Package biblatex Info: Trying to load bibliography style 'numeric'...
Package biblatex Info: ... file 'numeric.bbx' found.

(/usr/local/texlive/2026/texmf-dist/tex/latex/biblatex/bbx/numeric.bbx
File: numeric.bbx 2025/07/10 v3.21 biblatex bibliography style (PK/MW)
Package biblatex Info: Trying to load bibliography style 'standard'...
Package biblatex Info: ... file 'standard.bbx' found.

(/usr/local/texlive/2026/texmf-dist/tex/latex/biblatex/bbx/standard.bbx
File: standard.bbx 2025/07/10 v3.21 biblatex bibliography style (PK/MW)
\c@bbx:relatedcount=\count461
\c@bbx:relatedtotal=\count462
))
Package biblatex Info: Trying to load citation style 'numeric'...
Package biblatex Info: ... file 'numeric.cbx' found.

(/usr/local/texlive/2026/texmf-dist/tex/latex/biblatex/cbx/numeric.cbx
File: numeric.cbx 2025/07/10 v3.21 biblatex citation style (PK/MW)
Package biblatex Info: Redefining '\cite'.
Package biblatex Info: Redefining '\parencite'.
Package biblatex Info: Redefining '\footcite'.
Package biblatex Info: Redefining '\footcitetext'.
Package biblatex Info: Redefining '\smartcite'.
Package biblatex Info: Redefining '\supercite'.
Package biblatex Info: Redefining '\textcite'.
Package biblatex Info: Redefining '\textcites'.
Package biblatex Info: Redefining '\cites'.
Package biblatex Info: Redefining '\parencites'.
Package biblatex Info: Redefining '\smartcites'.
)
Package biblatex Info: Trying to load configuration file...
Package biblatex Info: ... file 'biblatex.cfg' found.

(/usr/local/texlive/2026/texmf-dist/tex/latex/biblatex/biblatex.cfg
File: biblatex.cfg 
)
Package biblatex Info: Input encoding 'utf8' detected.
Package biblatex Info: Document encoding is UTF8 ....

(/usr/local/texlive/2026/texmf-dist/tex/latex/l3kernel/expl3.sty
Package: expl3 2026-01-19 L3 programming layer (loader) 

(/usr/local/texlive/2026/texmf-dist/tex/latex/l3backend/l3backend-pdftex.def
File: l3backend-pdftex.def 2025-10-09 L3 backend support: PDF output (pdfTeX)
\l__color_backend_stack_int=\count463
))
Package biblatex Info: ... and expl3
(biblatex)             2026-01-19 L3 programming layer (loader) 
(biblatex)             is new enough (at least 2020/04/06),
(biblatex)             setting 'casechanger=expl3'.

(/usr/local/texlive/2026/texmf-dist/tex/latex/biblatex/blx-case-expl3.sty
(/usr/local/texlive/2026/texmf-dist/tex/latex/l3packages/xparse/xparse.sty
Package: xparse 2025-10-09 L3 Experimental document command parser
)
Package: blx-case-expl3 2025/07/10 v3.21 expl3 case changing code for biblatex
))
(/usr/local/texlive/2026/texmf-dist/tex/latex/multirow/multirow.sty
Package: multirow 2024/11/12 v2.9 Span multiple rows of a table
\multirow@colwidth=\skip80
\multirow@cntb=\count464
\multirow@dima=\skip81
\bigstrutjot=\dimen191
)
(/usr/local/texlive/2026/texmf-dist/tex/latex/graphics/rotating.sty
Package: rotating 2025/01/14 v2.16e rotated objects in LaTeX
\c@r@tfl@t=\count465
\rotFPtop=\skip82
\rotFPbot=\skip83
\rot@float@box=\box59
\rot@mess@toks=\toks27
)
(/usr/local/texlive/2026/texmf-dist/tex/latex/pdfpages/pdfpages.sty
Package: pdfpages 2025/07/23 v0.6g Insert pages of external PDF documents (AM)

(/usr/local/texlive/2026/texmf-dist/tex/latex/tools/calc.sty
Package: calc 2025/03/01 v4.3b Infix arithmetic (KKT,FJ)
\calc@Acount=\count466
\calc@Bcount=\count467
\calc@Adimen=\dimen192
\calc@Bdimen=\dimen193
\calc@Askip=\skip84
\calc@Bskip=\skip85
LaTeX Info: Redefining \setlength on input line 86.
LaTeX Info: Redefining \addtolength on input line 87.
\calc@Ccount=\count468
\calc@Cskip=\skip86
)
(/usr/local/texlive/2026/texmf-dist/tex/latex/eso-pic/eso-pic.sty
Package: eso-pic 2025/12/10 v3.0d eso-pic (RN)
\ESO@tempdima=\dimen194
\ESO@tempdimb=\dimen195

(/usr/local/texlive/2026/texmf-dist/tex/latex/xcolor/xcolor.sty
Package: xcolor 2024/09/29 v3.02 LaTeX color extensions (UK)

(/usr/local/texlive/2026/texmf-dist/tex/latex/graphics-cfg/color.cfg
File: color.cfg 2016/01/02 v1.6 sample color configuration
)
Package xcolor Info: Driver file: pdftex.def on input line 274.

(/usr/local/texlive/2026/texmf-dist/tex/latex/graphics/mathcolor.ltx)
Package xcolor Info: Model `cmy' substituted by `cmy0' on input line 1349.
Package xcolor Info: Model `hsb' substituted by `rgb' on input line 1353.
Package xcolor Info: Model `RGB' extended on input line 1365.
Package xcolor Info: Model `HTML' substituted by `rgb' on input line 1367.
Package xcolor Info: Model `Hsb' substituted by `hsb' on input line 1368.
Package xcolor Info: Model `tHsb' substituted by `hsb' on input line 1369.
Package xcolor Info: Model `HSB' substituted by `hsb' on input line 1370.
Package xcolor Info: Model `Gray' substituted by `gray' on input line 1371.
Package xcolor Info: Model `wave' substituted by `hsb' on input line 1372.
))
\AM@pagewidth=\dimen196
\AM@pageheight=\dimen197
\AM@fboxrule=\dimen198

(/usr/local/texlive/2026/texmf-dist/tex/latex/pdfpages/pppdftex.def
File: pppdftex.def 2025/07/23 v0.6g Pdfpages driver for pdfTeX (AM)
)
\pdfpages@includegraphics@status=\count469
\AM@pagebox=\box60
\AM@global@opts=\toks28
\AM@pagecnt=\count470
\AM@toc@title=\toks29
\AM@lof@heading=\toks30
\c@AM@survey=\count471
\AM@templatesizebox=\box61
)
(/usr/local/texlive/2026/texmf-dist/tex/latex/csquotes/csquotes.sty
Package: csquotes 2024-04-04 v5.2o context-sensitive quotations (JAW)
\csq@reset=\count472
\csq@gtype=\count473
\csq@glevel=\count474
\csq@qlevel=\count475
\csq@maxlvl=\count476
\csq@tshold=\count477
\csq@ltx@everypar=\toks31

(/usr/local/texlive/2026/texmf-dist/tex/latex/csquotes/csquotes.def
File: csquotes.def 2024-04-04 v5.2o csquotes generic definitions (JAW)
)
Package csquotes Info: Trying to load configuration file 'csquotes.cfg'...
Package csquotes Info: ... configuration file loaded successfully.

(/usr/local/texlive/2026/texmf-dist/tex/latex/csquotes/csquotes.cfg
File: csquotes.cfg 
))
(/usr/local/texlive/2026/texmf-dist/tex/latex/colortbl/colortbl.sty
Package: colortbl 2024/10/29 v1.0k Color table columns (DPC)

(/usr/local/texlive/2026/texmf-dist/tex/latex/tools/array.sty
Package: array 2025/09/25 v2.6n Tabular extension package (FMi)
\col@sep=\dimen199
\ar@mcellbox=\box62
\extrarowheight=\dimen256
\NC@list=\toks32
\extratabsurround=\skip87
\backup@length=\skip88
\ar@cellbox=\box63
)
\everycr=\toks33
\minrowclearance=\skip89
\rownum=\count478
)
(/usr/local/texlive/2026/texmf-dist/tex/latex/makecell/makecell.sty
Package: makecell 2009/08/03 V0.1e Managing of Tab Column Heads and Cells
\rotheadsize=\dimen257
\c@nlinenum=\count479
\TeXr@lab=\toks34
)
(/usr/local/texlive/2026/texmf-dist/tex/latex/sidecap/sidecap.sty
Package: sidecap 2023/01/24 v1.7a SideCap Package (RN/HjG)
\SC@BOXWD=\dimen258
\SC@CAPWD=\dimen259
\SC@tempdima=\dimen260
\SC@tempdimb=\dimen261
\c@SC@C=\count480
\SC@BOX=\box64
)
Package csquotes Info: Checking for multilingual support...
Package csquotes Info: ... found 'babel' package.
Package csquotes Info: Adjusting default style.
Package csquotes Info: Redefining alias 'default' -> 'english'.

(build/report.aux)
\openout1 = `report.aux'.

LaTeX Font Info:    Checking defaults for OML/cmm/m/it on input line 71.
LaTeX Font Info:    ... okay on input line 71.
LaTeX Font Info:    Checking defaults for OMS/cmsy/m/n on input line 71.
LaTeX Font Info:    ... okay on input line 71.
LaTeX Font Info:    Checking defaults for OT1/cmr/m/n on input line 71.
LaTeX Font Info:    ... okay on input line 71.
LaTeX Font Info:    Checking defaults for T1/cmr/m/n on input line 71.
LaTeX Font Info:    ... okay on input line 71.
LaTeX Font Info:    Checking defaults for TS1/cmr/m/n on input line 71.
LaTeX Font Info:    ... okay on input line 71.
LaTeX Font Info:    Checking defaults for OMX/cmex/m/n on input line 71.
LaTeX Font Info:    ... okay on input line 71.
LaTeX Font Info:    Checking defaults for U/cmr/m/n on input line 71.
LaTeX Font Info:    ... okay on input line 71.
LaTeX Font Info:    Checking defaults for PD1/pdf/m/n on input line 71.
LaTeX Font Info:    ... okay on input line 71.
LaTeX Font Info:    Checking defaults for PU/pdf/m/n on input line 71.
LaTeX Font Info:    ... okay on input line 71.
Package caption Info: Begin \AtBeginDocument code.
Package caption Info: hyperref package is loaded.
Package caption Info: listings package is loaded.
Package caption Info: rotating package is loaded.
Package caption Info: sidecap package is loaded.
Package caption Info: End \AtBeginDocument code.

*geometry* driver: auto-detecting
*geometry* detected driver: pdftex
*geometry* verbose mode - [ preamble ] result:
* driver: pdftex
* paper: a4paper
* layout: <same size as paper>
* layoutoffset:(h,v)=(0.0pt,0.0pt)
* modes: 
* h-part:(L,W,R)=(71.13188pt, 455.24411pt, 71.13188pt)
* v-part:(T,H,B)=(56.9055pt, 731.23584pt, 56.9055pt)
* \paperwidth=597.50787pt
* \paperheight=845.04684pt
* \textwidth=455.24411pt
* \textheight=731.23584pt
* \oddsidemargin=-1.1381pt
* \evensidemargin=-1.1381pt
* \topmargin=-52.36449pt
* \headheight=12.0pt
* \headsep=25.0pt
* \topskip=11.0pt
* \footskip=30.0pt
* \marginparwidth=49.79231pt
* \marginparsep=10.0pt
* \columnsep=10.0pt
* \skip\footins=10.0pt plus 4.0pt minus 2.0pt
* \hoffset=0.0pt
* \voffset=0.0pt
* \mag=1000
* \@twocolumnfalse
* \@twosidefalse
* \@mparswitchfalse
* \@reversemarginfalse
* (1in=72.27pt=25.4mm, 1cm=28.453pt)

(/usr/local/texlive/2026/texmf-dist/tex/context/base/mkii/supp-pdf.mkii
[Loading MPS to PDF converter (version 2006.09.02).]
\scratchcounter=\count481
\scratchdimen=\dimen262
\scratchbox=\box65
\nofMPsegments=\count482
\nofMParguments=\count483
\everyMPshowfont=\toks35
\MPscratchCnt=\count484
\MPscratchDim=\dimen263
\MPnumerator=\count485
\makeMPintoPDFobject=\count486
\everyMPtoPDFconversion=\toks36
) (/usr/local/texlive/2026/texmf-dist/tex/latex/epstopdf-pkg/epstopdf-base.sty
Package: epstopdf-base 2020-01-24 v2.11 Base part for package epstopdf
Package epstopdf-base Info: Redefining graphics rule for `.eps' on input line 4
85.

(/usr/local/texlive/2026/texmf-dist/tex/latex/latexconfig/epstopdf-sys.cfg
File: epstopdf-sys.cfg 2010/07/13 v1.3 Configuration of (r)epstopdf for TeX Liv
e
))
Package hyperref Info: Link coloring ON on input line 71.

(build/report.out) (build/report.out)
\@outlinefile=\write5
\openout5 = `report.out'.

\c@lstlisting=\count487
Package biblatex Info: Trying to load language 'english'...
Package biblatex Info: ... file 'english.lbx' found.

(/usr/local/texlive/2026/texmf-dist/tex/latex/biblatex/lbx/english.lbx
File: english.lbx 2025/07/10 v3.21 biblatex localization (PK/MW)
)
Package biblatex Info: Input encoding 'utf8' detected.
Package biblatex Info: Automatic encoding selection.
(biblatex)             Assuming data encoding 'utf8'.
\openout4 = `report.bcf'.

Package biblatex Info: Trying to load bibliographic data...
Package biblatex Info: ... file 'report.bbl' found.

(build/report.bbl)
Package biblatex Info: Reference section=0 on input line 71.
Package biblatex Info: Reference segment=0 on input line 71.

(/usr/local/texlive/2026/texmf-dist/tex/latex/pdflscape/pdflscape.sty
Package: pdflscape 2025-06-23 v0.14 Display of landscape pages in PDF

(/usr/local/texlive/2026/texmf-dist/tex/latex/pdflscape/pdflscape-nometadata.st
y
Package: pdflscape-nometadata 2025-06-23 v0.14 Display of landscape pages in PD
F (HO)
 (/usr/local/texlive/2026/texmf-dist/tex/latex/graphics/lscape.sty
Package: lscape 2020/05/28 v3.02 Landscape Pages (DPC)
)
Package pdflscape Info: Auto-detected driver: pdftex on input line 81.
))
(/usr/local/texlive/2026/texmf-dist/tex/latex/ragged2e/ragged2e.sty
Package: ragged2e 2023/06/22 v3.6 ragged2e Package
\CenteringLeftskip=\skip90
\RaggedLeftLeftskip=\skip91
\RaggedRightLeftskip=\skip92
\CenteringRightskip=\skip93
\RaggedLeftRightskip=\skip94
\RaggedRightRightskip=\skip95
\CenteringParfillskip=\skip96
\RaggedLeftParfillskip=\skip97
\RaggedRightParfillskip=\skip98
\JustifyingParfillskip=\skip99
\CenteringParindent=\skip100
\RaggedLeftParindent=\skip101
\RaggedRightParindent=\skip102
\JustifyingParindent=\skip103
)
(build/report.toc
LaTeX Font Info:    Trying to load font information for U+msa on input line 5.

(/usr/local/texlive/2026/texmf-dist/tex/latex/amsfonts/umsa.fd
File: umsa.fd 2013/01/14 v3.01 AMS symbols A
)
LaTeX Font Info:    Trying to load font information for U+msb on input line 5.

(/usr/local/texlive/2026/texmf-dist/tex/latex/amsfonts/umsb.fd
File: umsb.fd 2013/01/14 v3.01 AMS symbols B
))
\tf@toc=\write6
\openout6 = `report.toc'.

\blx@maxsegment@1=\count488
\blx@sectionciteorder@1=\count489
Package biblatex Info: Reference section=1 on input line 85.
Package biblatex Info: Setting label 'refsection:1' on input line 85.
 [1

{/usr/local/texlive/2026/texmf-var/fonts/map/pdftex/updmap/pdftex.map}]
Underfull \hbox (badness 10000) in paragraph at lines 93--94

 []


Underfull \hbox (badness 10000) in paragraph at lines 95--96

 []


Underfull \hbox (badness 10000) in paragraph at lines 107--109

 []

[2]
Underfull \hbox (badness 10000) in paragraph at lines 116--118

 []


Underfull \hbox (badness 10000) in paragraph at lines 139--141

 []


Underfull \hbox (badness 10000) in paragraph at lines 142--143

 []


Underfull \hbox (badness 10000) in paragraph at lines 144--145

 []


Underfull \hbox (badness 10000) in paragraph at lines 146--147

 []

[3]
Underfull \hbox (badness 10000) in paragraph at lines 148--149

 []


Underfull \hbox (badness 10000) in paragraph at lines 150--151

 []

<../../results/1_infinite_square_well_Numerov/1_infinite_square_well_Numerov_st
ate_energy_comparison.png, id=131, 578.16pt x 433.62pt>
File: ../../results/1_infinite_square_well_Numerov/1_infinite_square_well_Numer
ov_state_energy_comparison.png Graphic file (type png)
<use ../../results/1_infinite_square_well_Numerov/1_infinite_square_well_Numero
v_state_energy_comparison.png>
Package pdftex.def Info: ../../results/1_infinite_square_well_Numerov/1_infinit
e_square_well_Numerov_state_energy_comparison.png  used on input line 157.
(pdftex.def)             Requested size: 218.51521pt x 163.88408pt.
<../../results/1_infinite_square_well_Numerov/1_infinite_square_well_Numerov_st
ate_densities.png, id=133, 578.16pt x 433.62pt>
File: ../../results/1_infinite_square_well_Numerov/1_infinite_square_well_Numer
ov_state_densities.png Graphic file (type png)
<use ../../results/1_infinite_square_well_Numerov/1_infinite_square_well_Numero
v_state_densities.png>
Package pdftex.def Info: ../../results/1_infinite_square_well_Numerov/1_infinit
e_square_well_Numerov_state_densities.png  used on input line 164.
(pdftex.def)             Requested size: 218.51521pt x 163.88408pt.
<../../results/1_infinite_square_well_Numerov/1_infinite_square_well_Numerov_ro
ot_finding_even.png, id=134, 578.16pt x 433.62pt>
File: ../../results/1_infinite_square_well_Numerov/1_infinite_square_well_Numer
ov_root_finding_even.png Graphic file (type png)
<use ../../results/1_infinite_square_well_Numerov/1_infinite_square_well_Numero
v_root_finding_even.png>
Package pdftex.def Info: ../../results/1_infinite_square_well_Numerov/1_infinit
e_square_well_Numerov_root_finding_even.png  used on input line 175.
(pdftex.def)             Requested size: 189.68181pt x 142.26378pt.
<../../results/1_infinite_square_well_Numerov/1_infinite_square_well_Numerov_ro
ot_finding_odd.png, id=135, 578.16pt x 433.62pt>
File: ../../results/1_infinite_square_well_Numerov/1_infinite_square_well_Numer
ov_root_finding_odd.png Graphic file (type png)
<use ../../results/1_infinite_square_well_Numerov/1_infinite_square_well_Numero
v_root_finding_odd.png>
Package pdftex.def Info: ../../results/1_infinite_square_well_Numerov/1_infinit
e_square_well_Numerov_root_finding_odd.png  used on input line 181.
(pdftex.def)             Requested size: 189.68181pt x 142.26378pt.
<../../results/1_infinite_square_well_Numerov/1_infinite_square_well_Numerov_ro
ot_finding_state_0_even_zoom.png, id=136, 578.16pt x 433.62pt>
File: ../../results/1_infinite_square_well_Numerov/1_infinite_square_well_Numer
ov_root_finding_state_0_even_zoom.png Graphic file (type png)
<use ../../results/1_infinite_square_well_Numerov/1_infinite_square_well_Numero
v_root_finding_state_0_even_zoom.png>
Package pdftex.def Info: ../../results/1_infinite_square_well_Numerov/1_infinit
e_square_well_Numerov_root_finding_state_0_even_zoom.png  used on input line 19
5.
(pdftex.def)             Requested size: 189.68181pt x 142.26378pt.
<../../results/1_infinite_square_well_Numerov/1_infinite_square_well_Numerov_ro
ot_finding_state_1_odd_zoom.png, id=137, 578.16pt x 433.62pt>
File: ../../results/1_infinite_square_well_Numerov/1_infinite_square_well_Numer
ov_root_finding_state_1_odd_zoom.png Graphic file (type png)
<use ../../results/1_infinite_square_well_Numerov/1_infinite_square_well_Numero
v_root_finding_state_1_odd_zoom.png>
Package pdftex.def Info: ../../results/1_infinite_square_well_Numerov/1_infinit
e_square_well_Numerov_root_finding_state_1_odd_zoom.png  used on input line 201
.
(pdftex.def)             Requested size: 189.68181pt x 142.26378pt.
<../../results/1_infinite_square_well_Numerov/1_infinite_square_well_Numerov_en
ergy_convergence_vs_h.png, id=138, 578.16pt x 433.62pt>
File: ../../results/1_infinite_square_well_Numerov/1_infinite_square_well_Numer
ov_energy_convergence_vs_h.png Graphic file (type png)
<use ../../results/1_infinite_square_well_Numerov/1_infinite_square_well_Numero
v_energy_convergence_vs_h.png>
Package pdftex.def Info: ../../results/1_infinite_square_well_Numerov/1_infinit
e_square_well_Numerov_energy_convergence_vs_h.png  used on input line 213.
(pdftex.def)             Requested size: 218.51521pt x 163.88408pt.
<../../results/1_infinite_square_well_Numerov/1_infinite_square_well_Numerov_st
ates.png, id=139, 578.16pt x 433.62pt>
File: ../../results/1_infinite_square_well_Numerov/1_infinite_square_well_Numer
ov_states.png Graphic file (type png)
<use ../../results/1_infinite_square_well_Numerov/1_infinite_square_well_Numero
v_states.png>
Package pdftex.def Info: ../../results/1_infinite_square_well_Numerov/1_infinit
e_square_well_Numerov_states.png  used on input line 220.
(pdftex.def)             Requested size: 218.51521pt x 163.88408pt.

LaTeX Warning: Float too large for page by 134.90996pt on input line 224.


Underfull \hbox (badness 10000) in paragraph at lines 231--233

 []


Underfull \hbox (badness 10000) in paragraph at lines 234--235

 []


Underfull \hbox (badness 10000) in paragraph at lines 236--237

 []


Underfull \hbox (badness 10000) in paragraph at lines 238--239

 []


Underfull \hbox (badness 10000) in paragraph at lines 240--241

 []

[4] [5 <../../results/1_infinite_square_well_Numerov/1_infinite_square_well_Num
erov_state_energy_comparison.png> <../../results/1_infinite_square_well_Numerov
/1_infinite_square_well_Numerov_state_densities.png> <../../results/1_infinite_
square_well_Numerov/1_infinite_square_well_Numerov_root_finding_even.png> <../.
./results/1_infinite_square_well_Numerov/1_infinite_square_well_Numerov_root_fi
nding_odd.png> <../../results/1_infinite_square_well_Numerov/1_infinite_square_
well_Numerov_root_finding_state_0_even_zoom.png> <../../results/1_infinite_squa
re_well_Numerov/1_infinite_square_well_Numerov_root_finding_state_1_odd_zoom.pn
g> <../../results/1_infinite_square_well_Numerov/1_infinite_square_well_Numerov
_energy_convergence_vs_h.png> <../../results/1_infinite_square_well_Numerov/1_i
nfinite_square_well_Numerov_states.png>]
Underfull \hbox (badness 10000) in paragraph at lines 242--243

 []


Underfull \hbox (badness 10000) in paragraph at lines 244--245

 []

<../../results/2a_harmonic_oscillator_Numerov/2a_harmonic_oscillator_Numerov_st
ate_energy_comparison.png, id=168, 578.16pt x 433.62pt>
File: ../../results/2a_harmonic_oscillator_Numerov/2a_harmonic_oscillator_Numer
ov_state_energy_comparison.png Graphic file (type png)
<use ../../results/2a_harmonic_oscillator_Numerov/2a_harmonic_oscillator_Numero
v_state_energy_comparison.png>
Package pdftex.def Info: ../../results/2a_harmonic_oscillator_Numerov/2a_harmon
ic_oscillator_Numerov_state_energy_comparison.png  used on input line 251.
(pdftex.def)             Requested size: 218.51521pt x 163.88408pt.
<../../results/2a_harmonic_oscillator_Numerov/2a_harmonic_oscillator_Numerov_st
ate_densities.png, id=169, 578.16pt x 433.62pt>
File: ../../results/2a_harmonic_oscillator_Numerov/2a_harmonic_oscillator_Numer
ov_state_densities.png Graphic file (type png)
<use ../../results/2a_harmonic_oscillator_Numerov/2a_harmonic_oscillator_Numero
v_state_densities.png>
Package pdftex.def Info: ../../results/2a_harmonic_oscillator_Numerov/2a_harmon
ic_oscillator_Numerov_state_densities.png  used on input line 258.
(pdftex.def)             Requested size: 218.51521pt x 163.88408pt.
<../../results/2a_harmonic_oscillator_Numerov/2a_harmonic_oscillator_Numerov_ro
ot_finding_even.png, id=170, 578.16pt x 433.62pt>
File: ../../results/2a_harmonic_oscillator_Numerov/2a_harmonic_oscillator_Numer
ov_root_finding_even.png Graphic file (type png)
<use ../../results/2a_harmonic_oscillator_Numerov/2a_harmonic_oscillator_Numero
v_root_finding_even.png>
Package pdftex.def Info: ../../results/2a_harmonic_oscillator_Numerov/2a_harmon
ic_oscillator_Numerov_root_finding_even.png  used on input line 269.
(pdftex.def)             Requested size: 189.68181pt x 142.26378pt.
<../../results/2a_harmonic_oscillator_Numerov/2a_harmonic_oscillator_Numerov_ro
ot_finding_odd.png, id=171, 578.16pt x 433.62pt>
File: ../../results/2a_harmonic_oscillator_Numerov/2a_harmonic_oscillator_Numer
ov_root_finding_odd.png Graphic file (type png)
<use ../../results/2a_harmonic_oscillator_Numerov/2a_harmonic_oscillator_Numero
v_root_finding_odd.png>
Package pdftex.def Info: ../../results/2a_harmonic_oscillator_Numerov/2a_harmon
ic_oscillator_Numerov_root_finding_odd.png  used on input line 275.
(pdftex.def)             Requested size: 189.68181pt x 142.26378pt.
<../../results/2a_harmonic_oscillator_Numerov/2a_harmonic_oscillator_Numerov_ro
ot_finding_state_0_even_zoom.png, id=172, 578.16pt x 433.62pt>
File: ../../results/2a_harmonic_oscillator_Numerov/2a_harmonic_oscillator_Numer
ov_root_finding_state_0_even_zoom.png Graphic file (type png)
<use ../../results/2a_harmonic_oscillator_Numerov/2a_harmonic_oscillator_Numero
v_root_finding_state_0_even_zoom.png>
Package pdftex.def Info: ../../results/2a_harmonic_oscillator_Numerov/2a_harmon
ic_oscillator_Numerov_root_finding_state_0_even_zoom.png  used on input line 28
9.
(pdftex.def)             Requested size: 189.68181pt x 142.26378pt.
<../../results/2a_harmonic_oscillator_Numerov/2a_harmonic_oscillator_Numerov_ro
ot_finding_state_1_odd_zoom.png, id=173, 578.16pt x 433.62pt>
File: ../../results/2a_harmonic_oscillator_Numerov/2a_harmonic_oscillator_Numer
ov_root_finding_state_1_odd_zoom.png Graphic file (type png)
<use ../../results/2a_harmonic_oscillator_Numerov/2a_harmonic_oscillator_Numero
v_root_finding_state_1_odd_zoom.png>
Package pdftex.def Info: ../../results/2a_harmonic_oscillator_Numerov/2a_harmon
ic_oscillator_Numerov_root_finding_state_1_odd_zoom.png  used on input line 295
.
(pdftex.def)             Requested size: 189.68181pt x 142.26378pt.
<../../results/2a_harmonic_oscillator_Numerov/2a_harmonic_oscillator_Numerov_en
ergy_convergence_vs_h.png, id=174, 578.16pt x 433.62pt>
File: ../../results/2a_harmonic_oscillator_Numerov/2a_harmonic_oscillator_Numer
ov_energy_convergence_vs_h.png Graphic file (type png)
<use ../../results/2a_harmonic_oscillator_Numerov/2a_harmonic_oscillator_Numero
v_energy_convergence_vs_h.png>
Package pdftex.def Info: ../../results/2a_harmonic_oscillator_Numerov/2a_harmon
ic_oscillator_Numerov_energy_convergence_vs_h.png  used on input line 309.
(pdftex.def)             Requested size: 218.51521pt x 163.88408pt.
<../../results/2a_harmonic_oscillator_Numerov/2a_harmonic_oscillator_Numerov_en
ergy_convergence_vs_x_max.png, id=175, 578.16pt x 433.62pt>
File: ../../results/2a_harmonic_oscillator_Numerov/2a_harmonic_oscillator_Numer
ov_energy_convergence_vs_x_max.png Graphic file (type png)
<use ../../results/2a_harmonic_oscillator_Numerov/2a_harmonic_oscillator_Numero
v_energy_convergence_vs_x_max.png>
Package pdftex.def Info: ../../results/2a_harmonic_oscillator_Numerov/2a_harmon
ic_oscillator_Numerov_energy_convergence_vs_x_max.png  used on input line 316.
(pdftex.def)             Requested size: 218.51521pt x 163.88408pt.
<../../results/2a_harmonic_oscillator_Numerov/2a_harmonic_oscillator_Numerov_st
ates.png, id=176, 578.16pt x 433.62pt>
File: ../../results/2a_harmonic_oscillator_Numerov/2a_harmonic_oscillator_Numer
ov_states.png Graphic file (type png)
<use ../../results/2a_harmonic_oscillator_Numerov/2a_harmonic_oscillator_Numero
v_states.png>
Package pdftex.def Info: ../../results/2a_harmonic_oscillator_Numerov/2a_harmon
ic_oscillator_Numerov_states.png  used on input line 325.
(pdftex.def)             Requested size: 218.51521pt x 163.88408pt.
<../../results/2c_harmonic_oscillator_Numerov_VS_RK4_comparison/2c_harmonic_osc
illator_Numerov_VS_RK4_state_error_comparison.png, id=177, 578.16pt x 433.62pt>

File: ../../results/2c_harmonic_oscillator_Numerov_VS_RK4_comparison/2c_harmoni
c_oscillator_Numerov_VS_RK4_state_error_comparison.png Graphic file (type png)
<use ../../results/2c_harmonic_oscillator_Numerov_VS_RK4_comparison/2c_harmonic
_oscillator_Numerov_VS_RK4_state_error_comparison.png>
Package pdftex.def Info: ../../results/2c_harmonic_oscillator_Numerov_VS_RK4_co
mparison/2c_harmonic_oscillator_Numerov_VS_RK4_state_error_comparison.png  used
 on input line 332.
(pdftex.def)             Requested size: 218.51521pt x 163.88408pt.

Underfull \hbox (badness 10000) in paragraph at lines 343--345

 []


Underfull \hbox (badness 10000) in paragraph at lines 346--347

 []


Underfull \hbox (badness 10000) in paragraph at lines 354--356

 []

[6] [7 <../../results/2a_harmonic_oscillator_Numerov/2a_harmonic_oscillator_Num
erov_state_energy_comparison.png> <../../results/2a_harmonic_oscillator_Numerov
/2a_harmonic_oscillator_Numerov_state_densities.png> <../../results/2a_harmonic
_oscillator_Numerov/2a_harmonic_oscillator_Numerov_root_finding_even.png> <../.
./results/2a_harmonic_oscillator_Numerov/2a_harmonic_oscillator_Numerov_root_fi
nding_odd.png> <../../results/2a_harmonic_oscillator_Numerov/2a_harmonic_oscill
ator_Numerov_root_finding_state_0_even_zoom.png> <../../results/2a_harmonic_osc
illator_Numerov/2a_harmonic_oscillator_Numerov_root_finding_state_1_odd_zoom.pn
g>] [8 <../../results/2a_harmonic_oscillator_Numerov/2a_harmonic_oscillator_Num
erov_energy_convergence_vs_h.png> <../../results/2a_harmonic_oscillator_Numerov
/2a_harmonic_oscillator_Numerov_energy_convergence_vs_x_max.png> <../../results
/2a_harmonic_oscillator_Numerov/2a_harmonic_oscillator_Numerov_states.png> <../
../results/2c_harmonic_oscillator_Numerov_VS_RK4_comparison/2c_harmonic_oscilla
tor_Numerov_VS_RK4_state_error_comparison.png>]
Underfull \hbox (badness 10000) in paragraph at lines 357--358

 []


Underfull \hbox (badness 10000) in paragraph at lines 359--360

 []


Underfull \hbox (badness 10000) in paragraph at lines 361--362

 []


Underfull \hbox (badness 10000) in paragraph at lines 363--364

 []


Underfull \hbox (badness 10000) in paragraph at lines 365--366

 []


Underfull \hbox (badness 10000) in paragraph at lines 367--368

 []

[9]
Underfull \hbox (badness 10000) in paragraph at lines 369--370

 []

<../../results/3_double_well_Numerov/3_double_well_Numerov_states.png, id=218, 
578.16pt x 433.62pt>
File: ../../results/3_double_well_Numerov/3_double_well_Numerov_states.png Grap
hic file (type png)
<use ../../results/3_double_well_Numerov/3_double_well_Numerov_states.png>
Package pdftex.def Info: ../../results/3_double_well_Numerov/3_double_well_Nume
rov_states.png  used on input line 376.
(pdftex.def)             Requested size: 218.51521pt x 163.88408pt.
<../../results/3_double_well_Numerov/3_double_well_Numerov_state_densities.png,
 id=219, 578.16pt x 433.62pt>
File: ../../results/3_double_well_Numerov/3_double_well_Numerov_state_densities
.png Graphic file (type png)
<use ../../results/3_double_well_Numerov/3_double_well_Numerov_state_densities.
png>
Package pdftex.def Info: ../../results/3_double_well_Numerov/3_double_well_Nume
rov_state_densities.png  used on input line 383.
(pdftex.def)             Requested size: 218.51521pt x 163.88408pt.
<../../results/3_double_well_Numerov/3_double_well_Numerov_root_finding_even.pn
g, id=220, 578.16pt x 433.62pt>
File: ../../results/3_double_well_Numerov/3_double_well_Numerov_root_finding_ev
en.png Graphic file (type png)
<use ../../results/3_double_well_Numerov/3_double_well_Numerov_root_finding_eve
n.png>
Package pdftex.def Info: ../../results/3_double_well_Numerov/3_double_well_Nume
rov_root_finding_even.png  used on input line 394.
(pdftex.def)             Requested size: 189.68181pt x 142.26378pt.
<../../results/3_double_well_Numerov/3_double_well_Numerov_root_finding_odd.png
, id=221, 578.16pt x 433.62pt>
File: ../../results/3_double_well_Numerov/3_double_well_Numerov_root_finding_od
d.png Graphic file (type png)
<use ../../results/3_double_well_Numerov/3_double_well_Numerov_root_finding_odd
.png>
Package pdftex.def Info: ../../results/3_double_well_Numerov/3_double_well_Nume
rov_root_finding_odd.png  used on input line 400.
(pdftex.def)             Requested size: 189.68181pt x 142.26378pt.
<../../results/3_double_well_Numerov/3_double_well_Numerov_root_finding_state_0
_even_zoom.png, id=222, 578.16pt x 433.62pt>
File: ../../results/3_double_well_Numerov/3_double_well_Numerov_root_finding_st
ate_0_even_zoom.png Graphic file (type png)
<use ../../results/3_double_well_Numerov/3_double_well_Numerov_root_finding_sta
te_0_even_zoom.png>
Package pdftex.def Info: ../../results/3_double_well_Numerov/3_double_well_Nume
rov_root_finding_state_0_even_zoom.png  used on input line 414.
(pdftex.def)             Requested size: 189.68181pt x 142.26378pt.
<../../results/3_double_well_Numerov/3_double_well_Numerov_root_finding_state_1
_odd_zoom.png, id=223, 578.16pt x 433.62pt>
File: ../../results/3_double_well_Numerov/3_double_well_Numerov_root_finding_st
ate_1_odd_zoom.png Graphic file (type png)
<use ../../results/3_double_well_Numerov/3_double_well_Numerov_root_finding_sta
te_1_odd_zoom.png>
Package pdftex.def Info: ../../results/3_double_well_Numerov/3_double_well_Nume
rov_root_finding_state_1_odd_zoom.png  used on input line 420.
(pdftex.def)             Requested size: 189.68181pt x 142.26378pt.
<../../results/3_double_well_Numerov/3_double_well_Numerov_energy_convergence_v
s_h.png, id=224, 578.16pt x 433.62pt>
File: ../../results/3_double_well_Numerov/3_double_well_Numerov_energy_converge
nce_vs_h.png Graphic file (type png)
<use ../../results/3_double_well_Numerov/3_double_well_Numerov_energy_convergen
ce_vs_h.png>
Package pdftex.def Info: ../../results/3_double_well_Numerov/3_double_well_Nume
rov_energy_convergence_vs_h.png  used on input line 434.
(pdftex.def)             Requested size: 218.51521pt x 163.88408pt.
<../../results/3_double_well_Numerov/3_double_well_Numerov_energy_convergence_v
s_x_max.png, id=225, 578.16pt x 433.62pt>
File: ../../results/3_double_well_Numerov/3_double_well_Numerov_energy_converge
nce_vs_x_max.png Graphic file (type png)
<use ../../results/3_double_well_Numerov/3_double_well_Numerov_energy_convergen
ce_vs_x_max.png>
Package pdftex.def Info: ../../results/3_double_well_Numerov/3_double_well_Nume
rov_energy_convergence_vs_x_max.png  used on input line 441.
(pdftex.def)             Requested size: 218.51521pt x 163.88408pt.
<../../results/3_double_well_Numerov/3_double_well_Numerov_energy_splitting_vs_
b.png, id=226, 578.16pt x 433.62pt>
File: ../../results/3_double_well_Numerov/3_double_well_Numerov_energy_splittin
g_vs_b.png Graphic file (type png)
<use ../../results/3_double_well_Numerov/3_double_well_Numerov_energy_splitting
_vs_b.png>
Package pdftex.def Info: ../../results/3_double_well_Numerov/3_double_well_Nume
rov_energy_splitting_vs_b.png  used on input line 450.
(pdftex.def)             Requested size: 218.51521pt x 163.88408pt.

Underfull \hbox (badness 10000) in paragraph at lines 463--465

 []


Underfull \hbox (badness 10000) in paragraph at lines 466--467

 []


Underfull \hbox (badness 10000) in paragraph at lines 468--469

 []


Underfull \hbox (badness 10000) in paragraph at lines 470--471

 []


Underfull \hbox (badness 10000) in paragraph at lines 472--473

 []

[10] [11 <../../results/3_double_well_Numerov/3_double_well_Numerov_states.png>
 <../../results/3_double_well_Numerov/3_double_well_Numerov_state_densities.png
> <../../results/3_double_well_Numerov/3_double_well_Numerov_root_finding_even.
png> <../../results/3_double_well_Numerov/3_double_well_Numerov_root_finding_od
d.png> <../../results/3_double_well_Numerov/3_double_well_Numerov_root_finding_
state_0_even_zoom.png> <../../results/3_double_well_Numerov/3_double_well_Numer
ov_root_finding_state_1_odd_zoom.png>] [12 <../../results/3_double_well_Numerov
/3_double_well_Numerov_energy_convergence_vs_h.png> <../../results/3_double_wel
l_Numerov/3_double_well_Numerov_energy_convergence_vs_x_max.png> <../../results
/3_double_well_Numerov/3_double_well_Numerov_energy_splitting_vs_b.png>]
<../../results/4_finite_square_well_Numerov/4_finite_square_well_Numerov_states
.png, id=255, 578.16pt x 433.62pt>
File: ../../results/4_finite_square_well_Numerov/4_finite_square_well_Numerov_s
tates.png Graphic file (type png)
<use ../../results/4_finite_square_well_Numerov/4_finite_square_well_Numerov_st
ates.png>
Package pdftex.def Info: ../../results/4_finite_square_well_Numerov/4_finite_sq
uare_well_Numerov_states.png  used on input line 479.
(pdftex.def)             Requested size: 218.51521pt x 163.88408pt.
<../../results/4_finite_square_well_Numerov/4_finite_square_well_Numerov_state_
densities.png, id=256, 578.16pt x 433.62pt>
File: ../../results/4_finite_square_well_Numerov/4_finite_square_well_Numerov_s
tate_densities.png Graphic file (type png)
<use ../../results/4_finite_square_well_Numerov/4_finite_square_well_Numerov_st
ate_densities.png>
Package pdftex.def Info: ../../results/4_finite_square_well_Numerov/4_finite_sq
uare_well_Numerov_state_densities.png  used on input line 486.
(pdftex.def)             Requested size: 218.51521pt x 163.88408pt.
<../../results/4_finite_square_well_Numerov/4_finite_square_well_Numerov_root_f
inding_even.png, id=257, 578.16pt x 433.62pt>
File: ../../results/4_finite_square_well_Numerov/4_finite_square_well_Numerov_r
oot_finding_even.png Graphic file (type png)
<use ../../results/4_finite_square_well_Numerov/4_finite_square_well_Numerov_ro
ot_finding_even.png>
Package pdftex.def Info: ../../results/4_finite_square_well_Numerov/4_finite_sq
uare_well_Numerov_root_finding_even.png  used on input line 497.
(pdftex.def)             Requested size: 189.68181pt x 142.26378pt.
<../../results/4_finite_square_well_Numerov/4_finite_square_well_Numerov_root_f
inding_odd.png, id=258, 578.16pt x 433.62pt>
File: ../../results/4_finite_square_well_Numerov/4_finite_square_well_Numerov_r
oot_finding_odd.png Graphic file (type png)
<use ../../results/4_finite_square_well_Numerov/4_finite_square_well_Numerov_ro
ot_finding_odd.png>
Package pdftex.def Info: ../../results/4_finite_square_well_Numerov/4_finite_sq
uare_well_Numerov_root_finding_odd.png  used on input line 503.
(pdftex.def)             Requested size: 189.68181pt x 142.26378pt.
<../../results/4_finite_square_well_Numerov/4_finite_square_well_Numerov_root_f
inding_state_2_even_zoom.png, id=259, 578.16pt x 433.62pt>
File: ../../results/4_finite_square_well_Numerov/4_finite_square_well_Numerov_r
oot_finding_state_2_even_zoom.png Graphic file (type png)
<use ../../results/4_finite_square_well_Numerov/4_finite_square_well_Numerov_ro
ot_finding_state_2_even_zoom.png>
Package pdftex.def Info: ../../results/4_finite_square_well_Numerov/4_finite_sq
uare_well_Numerov_root_finding_state_2_even_zoom.png  used on input line 517.
(pdftex.def)             Requested size: 189.68181pt x 142.26378pt.
<../../results/4_finite_square_well_Numerov/4_finite_square_well_Numerov_root_f
inding_state_3_odd_zoom.png, id=260, 578.16pt x 433.62pt>
File: ../../results/4_finite_square_well_Numerov/4_finite_square_well_Numerov_r
oot_finding_state_3_odd_zoom.png Graphic file (type png)
<use ../../results/4_finite_square_well_Numerov/4_finite_square_well_Numerov_ro
ot_finding_state_3_odd_zoom.png>
Package pdftex.def Info: ../../results/4_finite_square_well_Numerov/4_finite_sq
uare_well_Numerov_root_finding_state_3_odd_zoom.png  used on input line 523.
(pdftex.def)             Requested size: 189.68181pt x 142.26378pt.

Underfull \hbox (badness 10000) in paragraph at lines 534--535

 []


Underfull \hbox (badness 10000) in paragraph at lines 536--537

 []


Underfull \hbox (badness 10000) in paragraph at lines 538--539

 []


Underfull \hbox (badness 10000) in paragraph at lines 540--541

 []


Underfull \hbox (badness 10000) in paragraph at lines 542--543

 []

<../../results/5_scattering_single_barrier_Numerov/5_scattering_single_barrier_
Numerov_transmission_reflection.png, id=262, 578.16pt x 433.62pt>
File: ../../results/5_scattering_single_barrier_Numerov/5_scattering_single_bar
rier_Numerov_transmission_reflection.png Graphic file (type png)
<use ../../results/5_scattering_single_barrier_Numerov/5_scattering_single_barr
ier_Numerov_transmission_reflection.png>
Package pdftex.def Info: ../../results/5_scattering_single_barrier_Numerov/5_sc
attering_single_barrier_Numerov_transmission_reflection.png  used on input line
 546.
(pdftex.def)             Requested size: 189.68181pt x 142.26378pt.

LaTeX Warning: `h' float specifier changed to `ht'.


Underfull \hbox (badness 10000) in paragraph at lines 552--553

 []


Underfull \hbox (badness 10000) in paragraph at lines 554--555

 []


Underfull \hbox (badness 10000) in paragraph at lines 556--557

 []

[13] [14 <../../results/4_finite_square_well_Numerov/4_finite_square_well_Numer
ov_states.png> <../../results/4_finite_square_well_Numerov/4_finite_square_well
_Numerov_state_densities.png> <../../results/4_finite_square_well_Numerov/4_fin
ite_square_well_Numerov_root_finding_even.png> <../../results/4_finite_square_w
ell_Numerov/4_finite_square_well_Numerov_root_finding_odd.png> <../../results/4
_finite_square_well_Numerov/4_finite_square_well_Numerov_root_finding_state_2_e
ven_zoom.png> <../../results/4_finite_square_well_Numerov/4_finite_square_well_
Numerov_root_finding_state_3_odd_zoom.png>]
Underfull \hbox (badness 10000) in paragraph at lines 558--559

 []


Underfull \hbox (badness 10000) in paragraph at lines 560--561

 []


Underfull \hbox (badness 10000) in paragraph at lines 562--563

 []


Underfull \hbox (badness 10000) in paragraph at lines 564--565

 []

<../../results/6_scattering_double_barrier_Numerov/6_scattering_double_barrier_
Numerov_transmission_reflection.png, id=282, 578.16pt x 433.62pt>
File: ../../results/6_scattering_double_barrier_Numerov/6_scattering_double_bar
rier_Numerov_transmission_reflection.png Graphic file (type png)
<use ../../results/6_scattering_double_barrier_Numerov/6_scattering_double_barr
ier_Numerov_transmission_reflection.png>
Package pdftex.def Info: ../../results/6_scattering_double_barrier_Numerov/6_sc
attering_double_barrier_Numerov_transmission_reflection.png  used on input line
 569.
(pdftex.def)             Requested size: 218.51521pt x 163.88408pt.

Package caption Warning: The option `hypcap=true' will be ignored for this
(caption)                particular \caption on input line 570.
See the caption package documentation for explanation.

<../../results/6_scattering_double_barrier_Numerov/6_scattering_double_barrier_
Numerov_state_probability_density.png, id=283, 578.16pt x 433.62pt>
File: ../../results/6_scattering_double_barrier_Numerov/6_scattering_double_bar
rier_Numerov_state_probability_density.png Graphic file (type png)
<use ../../results/6_scattering_double_barrier_Numerov/6_scattering_double_barr
ier_Numerov_state_probability_density.png>
Package pdftex.def Info: ../../results/6_scattering_double_barrier_Numerov/6_sc
attering_double_barrier_Numerov_state_probability_density.png  used on input li
ne 576.
(pdftex.def)             Requested size: 218.51521pt x 163.88408pt.

Package caption Warning: The option `hypcap=true' will be ignored for this
(caption)                particular \caption on input line 577.
See the caption package documentation for explanation.

[15 <../../results/5_scattering_single_barrier_Numerov/5_scattering_single_barr
ier_Numerov_transmission_reflection.png>]
Underfull \hbox (badness 10000) in paragraph at lines 585--586

 []


Underfull \hbox (badness 10000) in paragraph at lines 587--588

 []


Underfull \hbox (badness 10000) in paragraph at lines 589--590

 []


Underfull \hbox (badness 10000) in paragraph at lines 591--592

 []

[16 <../../results/6_scattering_double_barrier_Numerov/6_scattering_double_barr
ier_Numerov_transmission_reflection.png> <../../results/6_scattering_double_bar
rier_Numerov/6_scattering_double_barrier_Numerov_state_probability_density.png>
]
Underfull \hbox (badness 10000) in paragraph at lines 593--594

 []


Underfull \hbox (badness 10000) in paragraph at lines 595--596

 []


Underfull \hbox (badness 10000) in paragraph at lines 601--602

 []


Underfull \hbox (badness 10000) in paragraph at lines 603--604

 []


Underfull \hbox (badness 10000) in paragraph at lines 605--606

 []

Package biblatex Info: Reference section=0 on input line 613.

Package caption Warning: Unused \captionsetup[table] on input line 15.
See the caption package documentation for explanation.

[17] (build/report.aux)
 ***********
LaTeX2e <2025-11-01>
L3 programming layer <2026-01-19>
 ***********
Package rerunfilecheck Info: File `report.out' has not changed.
(rerunfilecheck)             Checksum: CDFD21EFF3A294F5F3D8D309C8C3C867;3296.
Package logreq Info: Writing requests to 'report.run.xml'.
\openout1 = `report.run.xml'.

 ) 
Here is how much of TeX's memory you used:
 24876 strings out of 467525
 449351 string characters out of 5418982
 1299015 words of memory out of 5000000
 53448 multiletter control sequences out of 15000+600000
 637452 words of font info for 77 fonts, out of 8000000 for 9000
 1141 hyphenation exceptions out of 8191
 75i,11n,90p,1229b,1911s stack positions out of 10000i,1000n,20000p,200000b,200000s
</usr/local/texlive/2026/texmf-dist/fonts/type1/public/amsfonts/cm/cmbx10.pfb
></usr/local/texlive/2026/texmf-dist/fonts/type1/public/amsfonts/cm/cmbx12.pfb>
</usr/local/texlive/2026/texmf-dist/fonts/type1/public/amsfonts/cm/cmbx9.pfb></
usr/local/texlive/2026/texmf-dist/fonts/type1/public/amsfonts/cm/cmex10.pfb></u
sr/local/texlive/2026/texmf-dist/fonts/type1/public/amsfonts/cm/cmmi10.pfb></us
r/local/texlive/2026/texmf-dist/fonts/type1/public/amsfonts/cm/cmmi7.pfb></usr/
local/texlive/2026/texmf-dist/fonts/type1/public/amsfonts/cm/cmmi8.pfb></usr/lo
cal/texlive/2026/texmf-dist/fonts/type1/public/amsfonts/cm/cmr10.pfb></usr/loca
l/texlive/2026/texmf-dist/fonts/type1/public/amsfonts/cm/cmr12.pfb></usr/local/
texlive/2026/texmf-dist/fonts/type1/public/amsfonts/cm/cmr7.pfb></usr/local/tex
live/2026/texmf-dist/fonts/type1/public/amsfonts/cm/cmr8.pfb></usr/local/texliv
e/2026/texmf-dist/fonts/type1/public/amsfonts/cm/cmr9.pfb></usr/local/texlive/2
026/texmf-dist/fonts/type1/public/amsfonts/cm/cmsy10.pfb></usr/local/texlive/20
26/texmf-dist/fonts/type1/public/amsfonts/cm/cmsy8.pfb></usr/local/texlive/2026
/texmf-dist/fonts/type1/public/amsfonts/cm/cmti9.pfb>
Output written on build/report.pdf (17 pages, 2702143 bytes).
PDF statistics:
 381 PDF objects out of 1000 (max. 8388607)
 257 compressed objects within 3 object streams
 55 named destinations out of 1000 (max. 500000)
 325 words of extra memory for PDF output out of 10000 (max. 10000000)

